nohup: 입력 무시
📡 [상시 감시망 가동] /data/global_languages/shared/ko.json 실시간 모니터링 중...
⏳ [정기 검진] 깃허브 저장소의 최신 상태를 체크합니다 (Pull)...
https://github.com/chunjihh/pi-app-languages URL에서
 * branch            main       -> FETCH_HEAD
⏳ [정기 검진] 깃허브 저장소의 최신 상태를 체크합니다 (Pull)...
fatal: 'origin' does not appear to be a git repository
fatal: 리모트 저장소에서 읽을 수 없습니다

올바른 접근 권한이 있는지, 그리고 저장소가 있는지
확인하십시오.
⚠️ [Git 에러]: git fetch origin main 실행 실패 -> Command failed: git fetch origin main
fatal: 'origin' does not appear to be a git repository
fatal: 리모트 저장소에서 읽을 수 없습니다

올바른 접근 권한이 있는지, 그리고 저장소가 있는지
확인하십시오.

fatal: 애매한 인자 'origin/main': 알 수 없는 리비전 또는 작업 폴더에 없는 경로.
경로와 리비전을 구분하려면 다음과 같이 '--'를 사용하십시오:
'git <명령> [<리비전>...] -- [<파일>...]'
⚠️ [Git 에러]: git rev-parse origin/main 실행 실패 -> Command failed: git rev-parse origin/main
fatal: 애매한 인자 'origin/main': 알 수 없는 리비전 또는 작업 폴더에 없는 경로.
경로와 리비전을 구분하려면 다음과 같이 '--'를 사용하십시오:
'git <명령> [<리비전>...] -- [<파일>...]'

⏳ [정기 검진] 깃허브 저장소의 최신 상태를 체크합니다 (Pull)...
fatal: 'origin' does not appear to be a git repository
fatal: 리모트 저장소에서 읽을 수 없습니다

올바른 접근 권한이 있는지, 그리고 저장소가 있는지
확인하십시오.
⚠️ [Git 에러]: git fetch origin main 실행 실패 -> Command failed: git fetch origin main
fatal: 'origin' does not appear to be a git repository
fatal: 리모트 저장소에서 읽을 수 없습니다

올바른 접근 권한이 있는지, 그리고 저장소가 있는지
확인하십시오.

fatal: 애매한 인자 'origin/main': 알 수 없는 리비전 또는 작업 폴더에 없는 경로.
경로와 리비전을 구분하려면 다음과 같이 '--'를 사용하십시오:
'git <명령> [<리비전>...] -- [<파일>...]'
⚠️ [Git 에러]: git rev-parse origin/main 실행 실패 -> Command failed: git rev-parse origin/main
fatal: 애매한 인자 'origin/main': 알 수 없는 리비전 또는 작업 폴더에 없는 경로.
경로와 리비전을 구분하려면 다음과 같이 '--'를 사용하십시오:
'git <명령> [<리비전>...] -- [<파일>...]'

⏳ [정기 검진] 깃허브 저장소의 최신 상태를 체크합니다 (Pull)...
fatal: 'origin' does not appear to be a git repository
fatal: 리모트 저장소에서 읽을 수 없습니다

올바른 접근 권한이 있는지, 그리고 저장소가 있는지
확인하십시오.
⚠️ [Git 에러]: git fetch origin main 실행 실패 -> Command failed: git fetch origin main
fatal: 'origin' does not appear to be a git repository
fatal: 리모트 저장소에서 읽을 수 없습니다

올바른 접근 권한이 있는지, 그리고 저장소가 있는지
확인하십시오.

fatal: 애매한 인자 'origin/main': 알 수 없는 리비전 또는 작업 폴더에 없는 경로.
경로와 리비전을 구분하려면 다음과 같이 '--'를 사용하십시오:
'git <명령> [<리비전>...] -- [<파일>...]'
⚠️ [Git 에러]: git rev-parse origin/main 실행 실패 -> Command failed: git rev-parse origin/main
fatal: 애매한 인자 'origin/main': 알 수 없는 리비전 또는 작업 폴더에 없는 경로.
경로와 리비전을 구분하려면 다음과 같이 '--'를 사용하십시오:
'git <명령> [<리비전>...] -- [<파일>...]'

⏳ [정기 검진] 깃허브 저장소의 최신 상태를 체크합니다 (Pull)...
fatal: 'origin' does not appear to be a git repository
fatal: 리모트 저장소에서 읽을 수 없습니다

올바른 접근 권한이 있는지, 그리고 저장소가 있는지
확인하십시오.
⚠️ [Git 에러]: git fetch origin main 실행 실패 -> Command failed: git fetch origin main
fatal: 'origin' does not appear to be a git repository
fatal: 리모트 저장소에서 읽을 수 없습니다

올바른 접근 권한이 있는지, 그리고 저장소가 있는지
확인하십시오.

fatal: 애매한 인자 'origin/main': 알 수 없는 리비전 또는 작업 폴더에 없는 경로.
경로와 리비전을 구분하려면 다음과 같이 '--'를 사용하십시오:
'git <명령> [<리비전>...] -- [<파일>...]'
⚠️ [Git 에러]: git rev-parse origin/main 실행 실패 -> Command failed: git rev-parse origin/main
fatal: 애매한 인자 'origin/main': 알 수 없는 리비전 또는 작업 폴더에 없는 경로.
경로와 리비전을 구분하려면 다음과 같이 '--'를 사용하십시오:
'git <명령> [<리비전>...] -- [<파일>...]'

⏳ [정기 검진] 깃허브 저장소의 최신 상태를 체크합니다 (Pull)...
https://github.com/chunjihh/pi-app-languages URL에서
 * branch            main       -> FETCH_HEAD
⏳ [정기 검진] 깃허브 저장소의 최신 상태를 체크합니다 (Pull)...
https://github.com/chunjihh/pi-app-languages URL에서
 * branch            main       -> FETCH_HEAD
⏳ [정기 검진] 깃허브 저장소의 최신 상태를 체크합니다 (Pull)...
https://github.com/chunjihh/pi-app-languages URL에서
 * branch            main       -> FETCH_HEAD
https://github.com/chunjihh/pi-app-languages URL에서
 * branch            main       -> FETCH_HEAD
📥 [싱크 완료] 원격 저장소의 변동사항을 반영했습니다.
⏳ [정기 검진] 깃허브 저장소의 최신 상태를 체크합니다 (Pull)...
https://github.com/chunjihh/pi-app-languages URL에서
 * branch            main       -> FETCH_HEAD
https://github.com/chunjihh/pi-app-languages URL에서
 * branch            main       -> FETCH_HEAD
📥 [싱크 완료] 원격 저장소의 변동사항을 반영했습니다.
⏳ [정기 검진] 깃허브 저장소의 최신 상태를 체크합니다 (Pull)...
https://github.com/chunjihh/pi-app-languages URL에서
 * branch            main       -> FETCH_HEAD
⏳ [정기 검진] 깃허브 저장소의 최신 상태를 체크합니다 (Pull)...
https://github.com/chunjihh/pi-app-languages URL에서
 * branch            main       -> FETCH_HEAD
🚨 ko.json 변경 포착! 5초 뒤 번역 엔진을 깨웁니다.

🚀 ==================================================
🤖 [엔진 가동] 26개국 우회 번역 및 깃허브 동기화 시작...
🚀 ==================================================
⏳ [통역 중] ko ➡️ en 파일 생성...
⏳ [통역 중] ko ➡️ ja 파일 생성...
⏳ [통역 중] ko ➡️ zh-CN 파일 생성...
⏳ [통역 중] ko ➡️ zh-TW 파일 생성...
⏳ [통역 중] ko ➡️ vi 파일 생성...
⏳ [통역 중] ko ➡️ id 파일 생성...
⏳ [통역 중] ko ➡️ ms 파일 생성...
⏳ [통역 중] ko ➡️ th 파일 생성...
⏳ [통역 중] ko ➡️ tl 파일 생성...
⏳ [통역 중] ko ➡️ hi 파일 생성...
⏳ [통역 중] ko ➡️ bn 파일 생성...
⏳ [통역 중] ko ➡️ ur 파일 생성...
⏳ [통역 중] ko ➡️ fr 파일 생성...
⏳ [통역 중] ko ➡️ de 파일 생성...
⏳ [통역 중] ko ➡️ es 파일 생성...
⏳ [통역 중] ko ➡️ pt 파일 생성...
⏳ [통역 중] ko ➡️ it 파일 생성...
⏳ [통역 중] ko ➡️ ru 파일 생성...
⏳ [통역 중] ko ➡️ uk 파일 생성...
⏳ [통역 중] ko ➡️ pl 파일 생성...
⏳ [통역 중] ko ➡️ nl 파일 생성...
⏳ [통역 중] ko ➡️ tr 파일 생성...
⏳ [통역 중] ko ➡️ ro 파일 생성...
⏳ [통역 중] ko ➡️ ar 파일 생성...
⏳ [통역 중] ko ➡️ fa 파일 생성...
⏳ [통역 중] ko ➡️ sw 파일 생성...
✅ 26개국 파일 로컬 생성 완료!
📤 깃허브 원격 저장소로 동기화(Push)를 시도합니다...
📝 변동 포착! 스테이징 및 커밋 진행 중...
