⏳ [순환 엔진] 1분 정기 검진: 깃허브 로봇이 구운 최신 26개국 번역본을 수색합니다...
https://github.com/chunjihh/pi-app-languages URL에서
 * branch            main       -> FETCH_HEAD
⏳ [순환 엔진] 1분 정기 검진: 깃허브 로봇이 구운 최신 26개국 번역본을 수색합니다...
https://github.com/chunjihh/pi-app-languages URL에서
 * branch            main       -> FETCH_HEAD
⏳ [순환 엔진] 1분 정기 검진: 깃허브 로봇이 구운 최신 26개국 번역본을 수색합니다...
https://github.com/chunjihh/pi-app-languages URL에서
 * branch            main       -> FETCH_HEAD
⏳ [순환 엔진] 1분 정기 검진: 깃허브 로봇이 구운 최신 26개국 번역본을 수색합니다...
https://github.com/chunjihh/pi-app-languages URL에서
 * branch            main       -> FETCH_HEAD
⏳ [순환 엔진] 1분 정기 검진: 깃허브 로봇이 구운 최신 26개국 번역본을 수색합니다...
https://github.com/chunjihh/pi-app-languages URL에서
 * branch            main       -> FETCH_HEAD
⏳ [순환 엔진] 1분 정기 검진: 깃허브 로봇이 구운 최신 26개국 번역본을 수색합니다...
https://github.com/chunjihh/pi-app-languages URL에서
 * branch            main       -> FETCH_HEAD
⏳ [순환 엔진] 1분 정기 검진: 깃허브 로봇이 구운 최신 26개국 번역본을 수색합니다...
https://github.com/chunjihh/pi-app-languages URL에서
 * branch            main       -> FETCH_HEAD
⏳ [순환 엔진] 1분 정기 검진: 깃허브 로봇이 구운 최신 26개국 번역본을 수색합니다...
https://github.com/chunjihh/pi-app-languages URL에서
 * branch            main       -> FETCH_HEAD
⏳ [순환 엔진] 1분 정기 검진: 깃허브 로봇이 구운 최신 26개국 번역본을 수색합니다...
https://github.com/chunjihh/pi-app-languages URL에서
 * branch            main       -> FETCH_HEAD
⏳ [순환 엔진] 1분 정기 검진: 깃허브 로봇이 구운 최신 26개국 번역본을 수색합니다...
https://github.com/chunjihh/pi-app-languages URL에서
 * branch            main       -> FETCH_HEAD
⏳ [순환 엔진] 1분 정기 검진: 깃허브 로봇이 구운 최신 26개국 번역본을 수색합니다...
https://github.com/chunjihh/pi-app-languages URL에서
 * branch            main       -> FETCH_HEAD
⏳ [순환 엔진] 1분 정기 검진: 깃허브 로봇이 구운 최신 26개국 번역본을 수색합니다...
https://github.com/chunjihh/pi-app-languages URL에서
 * branch            main       -> FETCH_HEAD
⏳ [순환 엔진] 1분 정기 검진: 깃허브 로봇이 구운 최신 26개국 번역본을 수색합니다...
https://github.com/chunjihh/pi-app-languages URL에서
 * branch            main       -> FETCH_HEAD
⏳ [순환 엔진] 1분 정기 검진: 깃허브 로봇이 구운 최신 26개국 번역본을 수색합니다...
https://github.com/chunjihh/pi-app-languages URL에서
 * branch            main       -> FETCH_HEAD
⏳ [순환 엔진] 1분 정기 검진: 깃허브 로봇이 구운 최신 26개국 번역본을 수색합니다...
https://github.com/chunjihh/pi-app-languages URL에서
 * branch            main       -> FETCH_HEAD
⏳ [순환 엔진] 1분 정기 검진: 깃허브 로봇이 구운 최신 26개국 번역본을 수색합니다...
https://github.com/chunjihh/pi-app-languages URL에서
 * branch            main       -> FETCH_HEAD
⏳ [순환 엔진] 1분 정기 검진: 깃허브 로봇이 구운 최신 26개국 번역본을 수색합니다...
https://github.com/chunjihh/pi-app-languages URL에서
 * branch            main       -> FETCH_HEAD
⏳ [순환 엔진] 1분 정기 검진: 깃허브 로봇이 구운 최신 26개국 번역본을 수색합니다...
https://github.com/chunjihh/pi-app-languages URL에서
 * branch            main       -> FETCH_HEAD
⏳ [순환 엔진] 1분 정기 검진: 깃허브 로봇이 구운 최신 26개국 번역본을 수색합니다...
https://github.com/chunjihh/pi-app-languages URL에서
 * branch            main       -> FETCH_HEAD
⏳ [순환 엔진] 1분 정기 검진: 깃허브 로봇이 구운 최신 26개국 번역본을 수색합니다...
https://github.com/chunjihh/pi-app-languages URL에서
 * branch            main       -> FETCH_HEAD
⏳ [순환 엔진] 1분 정기 검진: 깃허브 로봇이 구운 최신 26개국 번역본을 수색합니다...
https://github.com/chunjihh/pi-app-languages URL에서
 * branch            main       -> FETCH_HEAD
⏳ [순환 엔진] 1분 정기 검진: 깃허브 로봇이 구운 최신 26개국 번역본을 수색합니다...
https://github.com/chunjihh/pi-app-languages URL에서
 * branch            main       -> FETCH_HEAD
⏳ [순환 엔진] 1분 정기 검진: 깃허브 로봇이 구운 최신 26개국 번역본을 수색합니다...
https://github.com/chunjihh/pi-app-languages URL에서
 * branch            main       -> FETCH_HEAD
⏳ [순환 엔진] 1분 정기 검진: 깃허브 로봇이 구운 최신 26개국 번역본을 수색합니다...
https://github.com/chunjihh/pi-app-languages URL에서
 * branch            main       -> FETCH_HEAD
⏳ [순환 엔진] 1분 정기 검진: 깃허브 로봇이 구운 최신 26개국 번역본을 수색합니다...
https://github.com/chunjihh/pi-app-languages URL에서
 * branch            main       -> FETCH_HEAD
⏳ [순환 엔진] 1분 정기 검진: 깃허브 로봇이 구운 최신 26개국 번역본을 수색합니다...
https://github.com/chunjihh/pi-app-languages URL에서
 * branch            main       -> FETCH_HEAD
⏳ [순환 엔진] 1분 정기 검진: 깃허브 로봇이 구운 최신 26개국 번역본을 수색합니다...
https://github.com/chunjihh/pi-app-languages URL에서
 * branch            main       -> FETCH_HEAD
⏳ [순환 엔진] 1분 정기 검진: 깃허브 로봇이 구운 최신 26개국 번역본을 수색합니다...
https://github.com/chunjihh/pi-app-languages URL에서
 * branch            main       -> FETCH_HEAD
⏳ [순환 엔진] 1분 정기 검진: 깃허브 로봇이 구운 최신 26개국 번역본을 수색합니다...
https://github.com/chunjihh/pi-app-languages URL에서
 * branch            main       -> FETCH_HEAD
⏳ [순환 엔진] 1분 정기 검진: 깃허브 로봇이 구운 최신 26개국 번역본을 수색합니다...
https://github.com/chunjihh/pi-app-languages URL에서
 * branch            main       -> FETCH_HEAD
⏳ [순환 엔진] 1분 정기 검진: 깃허브 로봇이 구운 최신 26개국 번역본을 수색합니다...
https://github.com/chunjihh/pi-app-languages URL에서
 * branch            main       -> FETCH_HEAD
⏳ [순환 엔진] 1분 정기 검진: 깃허브 로봇이 구운 최신 26개국 번역본을 수색합니다...
https://github.com/chunjihh/pi-app-languages URL에서
 * branch            main       -> FETCH_HEAD
⏳ [순환 엔진] 1분 정기 검진: 깃허브 로봇이 구운 최신 26개국 번역본을 수색합니다...
https://github.com/chunjihh/pi-app-languages URL에서
 * branch            main       -> FETCH_HEAD
⏳ [순환 엔진] 1분 정기 검진: 깃허브 로봇이 구운 최신 26개국 번역본을 수색합니다...
https://github.com/chunjihh/pi-app-languages URL에서
 * branch            main       -> FETCH_HEAD
⏳ [순환 엔진] 1분 정기 검진: 깃허브 로봇이 구운 최신 26개국 번역본을 수색합니다...
https://github.com/chunjihh/pi-app-languages URL에서
 * branch            main       -> FETCH_HEAD
⏳ [순환 엔진] 1분 정기 검진: 깃허브 로봇이 구운 최신 26개국 번역본을 수색합니다...
https://github.com/chunjihh/pi-app-languages URL에서
 * branch            main       -> FETCH_HEAD
⏳ [순환 엔진] 1분 정기 검진: 깃허브 로봇이 구운 최신 26개국 번역본을 수색합니다...
https://github.com/chunjihh/pi-app-languages URL에서
 * branch            main       -> FETCH_HEAD
⏳ [순환 엔진] 1분 정기 검진: 깃허브 로봇이 구운 최신 26개국 번역본을 수색합니다...
https://github.com/chunjihh/pi-app-languages URL에서
 * branch            main       -> FETCH_HEAD
⏳ [순환 엔진] 1분 정기 검진: 깃허브 로봇이 구운 최신 26개국 번역본을 수색합니다...
https://github.com/chunjihh/pi-app-languages URL에서
 * branch            main       -> FETCH_HEAD
⏳ [순환 엔진] 1분 정기 검진: 깃허브 로봇이 구운 최신 26개국 번역본을 수색합니다...
https://github.com/chunjihh/pi-app-languages URL에서
 * branch            main       -> FETCH_HEAD
⏳ [순환 엔진] 1분 정기 검진: 깃허브 로봇이 구운 최신 26개국 번역본을 수색합니다...
https://github.com/chunjihh/pi-app-languages URL에서
 * branch            main       -> FETCH_HEAD
⏳ [순환 엔진] 1분 정기 검진: 깃허브 로봇이 구운 최신 26개국 번역본을 수색합니다...
https://github.com/chunjihh/pi-app-languages URL에서
 * branch            main       -> FETCH_HEAD
⏳ [순환 엔진] 1분 정기 검진: 깃허브 로봇이 구운 최신 26개국 번역본을 수색합니다...
https://github.com/chunjihh/pi-app-languages URL에서
 * branch            main       -> FETCH_HEAD
⏳ [순환 엔진] 1분 정기 검진: 깃허브 로봇이 구운 최신 26개국 번역본을 수색합니다...
https://github.com/chunjihh/pi-app-languages URL에서
 * branch            main       -> FETCH_HEAD
⏳ [순환 엔진] 1분 정기 검진: 깃허브 로봇이 구운 최신 26개국 번역본을 수색합니다...
https://github.com/chunjihh/pi-app-languages URL에서
 * branch            main       -> FETCH_HEAD
⏳ [순환 엔진] 1분 정기 검진: 깃허브 로봇이 구운 최신 26개국 번역본을 수색합니다...
https://github.com/chunjihh/pi-app-languages URL에서
 * branch            main       -> FETCH_HEAD
⏳ [순환 엔진] 1분 정기 검진: 깃허브 로봇이 구운 최신 26개국 번역본을 수색합니다...
https://github.com/chunjihh/pi-app-languages URL에서
 * branch            main       -> FETCH_HEAD
⏳ [순환 엔진] 1분 정기 검진: 깃허브 로봇이 구운 최신 26개국 번역본을 수색합니다...
https://github.com/chunjihh/pi-app-languages URL에서
 * branch            main       -> FETCH_HEAD
⏳ [순환 엔진] 1분 정기 검진: 깃허브 로봇이 구운 최신 26개국 번역본을 수색합니다...
https://github.com/chunjihh/pi-app-languages URL에서
 * branch            main       -> FETCH_HEAD
⏳ [순환 엔진] 1분 정기 검진: 깃허브 로봇이 구운 최신 26개국 번역본을 수색합니다...
https://github.com/chunjihh/pi-app-languages URL에서
 * branch            main       -> FETCH_HEAD
⏳ [순환 엔진] 1분 정기 검진: 깃허브 로봇이 구운 최신 26개국 번역본을 수색합니다...
https://github.com/chunjihh/pi-app-languages URL에서
 * branch            main       -> FETCH_HEAD
⏳ [순환 엔진] 1분 정기 검진: 깃허브 로봇이 구운 최신 26개국 번역본을 수색합니다...
https://github.com/chunjihh/pi-app-languages URL에서
 * branch            main       -> FETCH_HEAD
⏳ [순환 엔진] 1분 정기 검진: 깃허브 로봇이 구운 최신 26개국 번역본을 수색합니다...
https://github.com/chunjihh/pi-app-languages URL에서
 * branch            main       -> FETCH_HEAD
⏳ [순환 엔진] 1분 정기 검진: 깃허브 로봇이 구운 최신 26개국 번역본을 수색합니다...
https://github.com/chunjihh/pi-app-languages URL에서
 * branch            main       -> FETCH_HEAD
⏳ [순환 엔진] 1분 정기 검진: 깃허브 로봇이 구운 최신 26개국 번역본을 수색합니다...
https://github.com/chunjihh/pi-app-languages URL에서
 * branch            main       -> FETCH_HEAD
⏳ [순환 엔진] 1분 정기 검진: 깃허브 로봇이 구운 최신 26개국 번역본을 수색합니다...
https://github.com/chunjihh/pi-app-languages URL에서
 * branch            main       -> FETCH_HEAD
⏳ [순환 엔진] 1분 정기 검진: 깃허브 로봇이 구운 최신 26개국 번역본을 수색합니다...
https://github.com/chunjihh/pi-app-languages URL에서
 * branch            main       -> FETCH_HEAD
⏳ [순환 엔진] 1분 정기 검진: 깃허브 로봇이 구운 최신 26개국 번역본을 수색합니다...
https://github.com/chunjihh/pi-app-languages URL에서
 * branch            main       -> FETCH_HEAD
⏳ [순환 엔진] 1분 정기 검진: 깃허브 로봇이 구운 최신 26개국 번역본을 수색합니다...
https://github.com/chunjihh/pi-app-languages URL에서
 * branch            main       -> FETCH_HEAD
⏳ [순환 엔진] 1분 정기 검진: 깃허브 로봇이 구운 최신 26개국 번역본을 수색합니다...
https://github.com/chunjihh/pi-app-languages URL에서
 * branch            main       -> FETCH_HEAD
⏳ [순환 엔진] 1분 정기 검진: 깃허브 로봇이 구운 최신 26개국 번역본을 수색합니다...
https://github.com/chunjihh/pi-app-languages URL에서
 * branch            main       -> FETCH_HEAD
⏳ [순환 엔진] 1분 정기 검진: 깃허브 로봇이 구운 최신 26개국 번역본을 수색합니다...
https://github.com/chunjihh/pi-app-languages URL에서
 * branch            main       -> FETCH_HEAD
⏳ [순환 엔진] 1분 정기 검진: 깃허브 로봇이 구운 최신 26개국 번역본을 수색합니다...
https://github.com/chunjihh/pi-app-languages URL에서
 * branch            main       -> FETCH_HEAD
⏳ [순환 엔진] 1분 정기 검진: 깃허브 로봇이 구운 최신 26개국 번역본을 수색합니다...
https://github.com/chunjihh/pi-app-languages URL에서
 * branch            main       -> FETCH_HEAD
⏳ [순환 엔진] 1분 정기 검진: 깃허브 로봇이 구운 최신 26개국 번역본을 수색합니다...
https://github.com/chunjihh/pi-app-languages URL에서
 * branch            main       -> FETCH_HEAD
⏳ [순환 엔진] 1분 정기 검진: 깃허브 로봇이 구운 최신 26개국 번역본을 수색합니다...
https://github.com/chunjihh/pi-app-languages URL에서
 * branch            main       -> FETCH_HEAD
⏳ [순환 엔진] 1분 정기 검진: 깃허브 로봇이 구운 최신 26개국 번역본을 수색합니다...
https://github.com/chunjihh/pi-app-languages URL에서
 * branch            main       -> FETCH_HEAD
🚨 [순환 엔진] ko.json 동적 변동 감지! 5분(300초)간 트래픽 모으기 돌입...
[main ad7def3] feat: 파이 네트워크 동적 데이터 실시간 누적 반영
 1 file changed, 0 insertions(+), 0 deletions(-)
 mode change 100644 => 100755 ko.json
